<?xml version="1.0" encoding="UTF-8"?>
<!-- Generated by org.testng.reporters.JUnitReportReporter -->
<testsuite hostname="DESKTOP-FVJAVFJ" failures="0" tests="6" name="com.hrm.employee.Level19_Employee_01_Add_Employee" time="154.234" errors="0" timestamp="27 Feb 2023 04:30:14 GMT" skipped="0">
  <testcase classname="com.hrm.employee.Level19_Employee_01_Add_Employee" name="Employee_01_Add_Employee" time="9.368"/>
  <testcase classname="com.hrm.employee.Level19_Employee_01_Add_Employee" name="Employee_03_Edit_PersonalDetailPage" time="14.708"/>
  <testcase classname="com.hrm.employee.Level19_Employee_01_Add_Employee" name="Employee_01_Add_Employee" time="8.323"/>
  <testcase classname="com.hrm.employee.Level19_Employee_01_Add_Employee" name="Employee_02_Upload_Avatar" time="68.587"/>
  <testcase classname="com.hrm.employee.Level19_Employee_01_Add_Employee" name="Employee_02_Upload_Avatar" time="39.075"/>
  <testcase classname="com.hrm.employee.Level19_Employee_01_Add_Employee" name="Employee_03_Edit_PersonalDetailPage" time="14.173"/>
</testsuite> <!-- com.hrm.employee.Level19_Employee_01_Add_Employee -->
